<?xml version="1.0" encoding="UTF-8"?>
<testng-results ignored="0" total="1" passed="1" failed="0" skipped="0">
  <reporter-output>
  </reporter-output>
  <suite started-at="2024-03-10T15:09:34 CDT" name="Default suite" finished-at="2024-03-10T15:09:41 CDT" duration-ms="7106">
    <groups>
    </groups>
    <test started-at="2024-03-10T15:09:34 CDT" name="Default test" finished-at="2024-03-10T15:09:41 CDT" duration-ms="7106">
      <class name="com.ba.testcases.BALoginTestCases">
        <test-method is-config="true" signature="initApplication()[pri:0, instance:com.ba.testcases.BALoginTestCases@5aa9e4eb]" started-at="2024-03-10T15:09:34 CDT" name="initApplication" finished-at="2024-03-10T15:09:39 CDT" duration-ms="5385" status="PASS">
          <reporter-output>
          </reporter-output>
        </test-method> <!-- initApplication -->
        <test-method signature="testCase1()[pri:0, instance:com.ba.testcases.BALoginTestCases@5aa9e4eb]" started-at="2024-03-10T15:09:39 CDT" name="testCase1" finished-at="2024-03-10T15:09:41 CDT" duration-ms="1693" status="PASS">
          <reporter-output>
          </reporter-output>
        </test-method> <!-- testCase1 -->
      </class> <!-- com.ba.testcases.BALoginTestCases -->
    </test> <!-- Default test -->
  </suite> <!-- Default suite -->
</testng-results>
